<?xml version="1.0" encoding="UTF-8"?>
<testng-results ignored="0" total="2" passed="2" failed="0" skipped="0">
  <reporter-output>
  </reporter-output>
  <suite started-at="2025-03-19T10:13:57 SAST" name="Suite" finished-at="2025-03-19T10:14:24 SAST" duration-ms="26831">
    <groups>
    </groups>
    <test started-at="2025-03-19T10:13:57 SAST" name="Test" finished-at="2025-03-19T10:14:24 SAST" duration-ms="26831">
      <class name="pom_TestNG.TestTime">
        <test-method is-config="true" signature="login()[pri:0, instance:pom_TestNG.TestTime@7d20d0b]" started-at="2025-03-19T10:13:57 SAST" name="login" finished-at="2025-03-19T10:14:02 SAST" duration-ms="4440" status="PASS">
          <reporter-output>
          </reporter-output>
        </test-method> <!-- login -->
        <test-method signature="test()[pri:0, instance:pom_TestNG.TestTime@7d20d0b]" started-at="2025-03-19T10:14:02 SAST" name="test" finished-at="2025-03-19T10:14:24 SAST" duration-ms="22029" status="PASS">
          <reporter-output>
          </reporter-output>
        </test-method> <!-- test -->
        <test-method is-config="true" signature="close()[pri:0, instance:pom_TestNG.TestTime@7d20d0b]" started-at="2025-03-19T10:14:24 SAST" name="close" finished-at="2025-03-19T10:14:24 SAST" duration-ms="313" status="PASS">
          <reporter-output>
          </reporter-output>
        </test-method> <!-- close -->
      </class> <!-- pom_TestNG.TestTime -->
      <class name="pom_TestNG.TestTime2">
        <test-method is-config="true" signature="login()[pri:0, instance:pom_TestNG.TestTime2@1757cd72]" started-at="2025-03-19T10:13:57 SAST" name="login" finished-at="2025-03-19T10:14:02 SAST" duration-ms="4579" status="PASS">
          <reporter-output>
          </reporter-output>
        </test-method> <!-- login -->
        <test-method signature="test()[pri:0, instance:pom_TestNG.TestTime2@1757cd72]" started-at="2025-03-19T10:14:02 SAST" name="test" finished-at="2025-03-19T10:14:24 SAST" duration-ms="21509" status="PASS">
          <reporter-output>
          </reporter-output>
        </test-method> <!-- test -->
        <test-method is-config="true" signature="close()[pri:0, instance:pom_TestNG.TestTime2@1757cd72]" started-at="2025-03-19T10:14:24 SAST" name="close" finished-at="2025-03-19T10:14:24 SAST" duration-ms="332" status="PASS">
          <reporter-output>
          </reporter-output>
        </test-method> <!-- close -->
      </class> <!-- pom_TestNG.TestTime2 -->
    </test> <!-- Test -->
  </suite> <!-- Suite -->
</testng-results>
